#
# There is insufficient memory for the Java Runtime Environment to continue.
# Native memory allocation (mmap) failed to map 266338304 bytes for G1 virtual space
# Possible reasons:
#   The system is out of physical RAM or swap space
#   The process is running with CompressedOops enabled, and the Java Heap may be blocking the growth of the native heap
# Possible solutions:
#   Reduce memory load on the system
#   Increase physical memory or swap space
#   Check if swap backing store is full
#   Decrease Java heap size (-Xmx/-Xms)
#   Decrease number of Java threads
#   Decrease Java thread stack sizes (-Xss)
#   Set larger code cache with -XX:ReservedCodeCacheSize=
#   JVM is running with Zero Based Compressed Oops mode in which the Java heap is
#     placed in the first 32GB address space. The Java Heap base address is the
#     maximum limit for the native heap growth. Please use -XX:HeapBaseMinAddress
#     to set the Java Heap base and to place the Java Heap above 32GB virtual address.
# This output file may be truncated or incomplete.
#
#  Out of Memory Error (os_windows.cpp:3613), pid=23312, tid=9108
#
# JRE version:  (17.0.10+7) (build )
# Java VM: OpenJDK 64-Bit Server VM (17.0.10+7-LTS, mixed mode, sharing, tiered, compressed oops, compressed class ptrs, g1 gc, windows-amd64)
# No core dump will be written. Minidumps are not enabled by default on client versions of Windows
#

---------------  S U M M A R Y ------------

Command Line: -Dmaven.multiModuleProjectDirectory=C:\Users\azizr\Desktop\pi\pidev3a34 -Djansi.passthrough=true -Dmaven.home=C:\Program Files\JetBrains\IntelliJ IDEA 2023.3.4\plugins\maven\lib\maven3 -Dclassworlds.conf=C:\Program Files\JetBrains\IntelliJ IDEA 2023.3.4\plugins\maven\lib\maven3\bin\m2.conf -Dmaven.ext.class.path=C:\Program Files\JetBrains\IntelliJ IDEA 2023.3.4\plugins\maven\lib\maven-event-listener.jar -javaagent:C:\Program Files\JetBrains\IntelliJ IDEA 2023.3.4\lib\idea_rt.jar=54157:C:\Program Files\JetBrains\IntelliJ IDEA 2023.3.4\bin -Dfile.encoding=UTF-8 org.codehaus.classworlds.Launcher -Didea.version=2023.3.4 org.openjfx:javafx-maven-plugin:0.0.8:run

Host: Intel(R) Core(TM) i7-10750H CPU @ 2.60GHz, 12 cores, 15G,  Windows 11 , 64 bit Build 22621 (10.0.22621.3235)
Time: Sat Mar 30 05:02:49 2024 W. Central Africa Standard Time elapsed time: 0.007686 seconds (0d 0h 0m 0s)

---------------  T H R E A D  ---------------

Current thread (0x0000022737359b60):  JavaThread "Unknown thread" [_thread_in_vm, id=9108, stack(0x000000e4dab00000,0x000000e4dac00000)]

Stack: [0x000000e4dab00000,0x000000e4dac00000]
Native frames: (J=compiled Java code, j=interpreted, Vv=VM code, C=native code)
V  [jvm.dll+0x67d2c9]
V  [jvm.dll+0x834b1a]
V  [jvm.dll+0x8365de]
V  [jvm.dll+0x836c43]
V  [jvm.dll+0x2477ff]
V  [jvm.dll+0x67a109]
V  [jvm.dll+0x66eb7a]
V  [jvm.dll+0x30764b]
V  [jvm.dll+0x30eaf6]
V  [jvm.dll+0x35e83e]
V  [jvm.dll+0x35ea6f]
V  [jvm.dll+0x2de248]
V  [jvm.dll+0x2df1b4]
V  [jvm.dll+0x806381]
V  [jvm.dll+0x36c6f1]
V  [jvm.dll+0x7e4e26]
V  [jvm.dll+0x3eff3f]
V  [jvm.dll+0x3f1b71]
C  [jli.dll+0x528f]
C  [ucrtbase.dll+0x29363]
C  [KERNEL32.DLL+0x1257d]
C  [ntdll.dll+0x5aa58]


---------------  P R O C E S S  ---------------

Threads class SMR info:
_java_thread_list=0x00007ffccc1aee98, length=0, elements={
}

Java Threads: ( => current thread )

Other Threads:
  0x00000227373c5cf0 GCTaskThread "GC Thread#0" [stack: 0x000000e4dac00000,0x000000e4dad00000] [id=24864]
  0x00000227373d6980 ConcurrentGCThread "G1 Main Marker" [stack: 0x000000e4dad00000,0x000000e4dae00000] [id=7744]
  0x00000227373d83b0 ConcurrentGCThread "G1 Conc#0" [stack: 0x000000e4dae00000,0x000000e4daf00000] [id=8528]

[error occurred during error reporting (printing all threads), id 0xc0000005, EXCEPTION_ACCESS_VIOLATION (0xc0000005) at pc=0x00007ffccb96ec87]

VM state: not at safepoint (not fully initialized)

VM Mutex/Monitor currently owned by a thread:  ([mutex/lock_event])
[0x0000022737355690] Heap_lock - owner thread: 0x0000022737359b60

Heap address: 0x0000000702c00000, size: 4052 MB, Compressed Oops mode: Zero based, Oop shift amount: 3

CDS archive(s) mapped at: [0x0000000000000000-0x0000000000000000-0x0000000000000000), size 0, SharedBaseAddress: 0x0000000800000000, ArchiveRelocationMode: 1.
Narrow klass base: 0x0000000000000000, Narrow klass shift: 0, Narrow klass range: 0x0

GC Precious Log:
<Empty>

Heap:
 garbage-first heap   total 0K, used 0K [0x0000000702c00000, 0x0000000800000000)
  region size 2048K, 0 young (0K), 0 survivors (0K)

[error occurred during error reporting (printing heap information), id 0xc0000005, EXCEPTION_ACCESS_VIOLATION (0xc0000005) at pc=0x00007ffccbd56fb9]

GC Heap History (0 events):
No events

Dll operation events (1 events):
Event: 0.005 Loaded shared library C:\Users\azizr\.jdks\corretto-17.0.10\bin\java.dll

Deoptimization events (0 events):
No events

Classes unloaded (0 events):
No events

Classes redefined (0 events):
No events

Internal exceptions (0 events):
No events

VM Operations (0 events):
No events

Events (0 events):
No events


Dynamic libraries:
0x00007ff75bb80000 - 0x00007ff75bb8e000 	C:\Users\azizr\.jdks\corretto-17.0.10\bin\java.exe
0x00007ffd22610000 - 0x00007ffd22826000 	C:\Windows\SYSTEM32\ntdll.dll
0x00007ffd21030000 - 0x00007ffd210f4000 	C:\Windows\System32\KERNEL32.DLL
0x00007ffd1fa90000 - 0x00007ffd1fe36000 	C:\Windows\System32\KERNELBASE.dll
0x00007ffd20240000 - 0x00007ffd20351000 	C:\Windows\System32\ucrtbase.dll
0x00007ffd19790000 - 0x00007ffd197a7000 	C:\Users\azizr\.jdks\corretto-17.0.10\bin\jli.dll
0x00007ffd11b90000 - 0x00007ffd11bab000 	C:\Users\azizr\.jdks\corretto-17.0.10\bin\VCRUNTIME140.dll
0x00007ffd21f70000 - 0x00007ffd2211d000 	C:\Windows\System32\USER32.dll
0x00007ffd20210000 - 0x00007ffd20236000 	C:\Windows\System32\win32u.dll
0x00007ffd09890000 - 0x00007ffd09b23000 	C:\Windows\WinSxS\amd64_microsoft.windows.common-controls_6595b64144ccf1df_6.0.22621.3235_none_270f74e173860f98\COMCTL32.dll
0x00007ffd203b0000 - 0x00007ffd203d9000 	C:\Windows\System32\GDI32.dll
0x00007ffd22350000 - 0x00007ffd223f7000 	C:\Windows\System32\msvcrt.dll
0x00007ffd1fe40000 - 0x00007ffd1ff58000 	C:\Windows\System32\gdi32full.dll
0x00007ffd1ffd0000 - 0x00007ffd2006a000 	C:\Windows\System32\msvcp_win.dll
0x00007ffd22400000 - 0x00007ffd22431000 	C:\Windows\System32\IMM32.DLL
0x00007ffd119e0000 - 0x00007ffd119ec000 	C:\Users\azizr\.jdks\corretto-17.0.10\bin\vcruntime140_1.dll
0x00007ffce8d10000 - 0x00007ffce8d9d000 	C:\Users\azizr\.jdks\corretto-17.0.10\bin\msvcp140.dll
0x00007ffccb680000 - 0x00007ffccc2e2000 	C:\Users\azizr\.jdks\corretto-17.0.10\bin\server\jvm.dll
0x00007ffd21610000 - 0x00007ffd216c2000 	C:\Windows\System32\ADVAPI32.dll
0x00007ffd22120000 - 0x00007ffd221c8000 	C:\Windows\System32\sechost.dll
0x00007ffd201e0000 - 0x00007ffd20208000 	C:\Windows\System32\bcrypt.dll
0x00007ffd21e20000 - 0x00007ffd21f35000 	C:\Windows\System32\RPCRT4.dll
0x00007ffd1f820000 - 0x00007ffd1f86d000 	C:\Windows\SYSTEM32\POWRPROF.dll
0x00007ffd1cc90000 - 0x00007ffd1cc99000 	C:\Windows\SYSTEM32\WSOCK32.dll
0x00007ffd14420000 - 0x00007ffd14454000 	C:\Windows\SYSTEM32\WINMM.dll
0x00007ffd22240000 - 0x00007ffd222b1000 	C:\Windows\System32\WS2_32.dll
0x00007ffd19710000 - 0x00007ffd1971a000 	C:\Windows\SYSTEM32\VERSION.dll
0x00007ffd1f800000 - 0x00007ffd1f813000 	C:\Windows\SYSTEM32\UMPDC.dll
0x00007ffd1e8f0000 - 0x00007ffd1e908000 	C:\Windows\SYSTEM32\kernel.appcore.dll
0x00007ffd11250000 - 0x00007ffd1125a000 	C:\Users\azizr\.jdks\corretto-17.0.10\bin\jimage.dll
0x00007ffd139f0000 - 0x00007ffd13c23000 	C:\Windows\SYSTEM32\DBGHELP.DLL
0x00007ffd203e0000 - 0x00007ffd20768000 	C:\Windows\System32\combase.dll
0x00007ffd224f0000 - 0x00007ffd225c7000 	C:\Windows\System32\OLEAUT32.dll
0x00007ffcff880000 - 0x00007ffcff8b2000 	C:\Windows\SYSTEM32\dbgcore.DLL
0x00007ffd1f950000 - 0x00007ffd1f9ca000 	C:\Windows\System32\bcryptPrimitives.dll
0x00007ffd139e0000 - 0x00007ffd139ee000 	C:\Users\azizr\.jdks\corretto-17.0.10\bin\instrument.dll
0x00007ffceb0d0000 - 0x00007ffceb0f5000 	C:\Users\azizr\.jdks\corretto-17.0.10\bin\java.dll

dbghelp: loaded successfully - version: 4.0.5 - missing functions: none
symbol engine: initialized successfully - sym options: 0x614 - pdb path: .;C:\Users\azizr\.jdks\corretto-17.0.10\bin;C:\Windows\SYSTEM32;C:\Windows\WinSxS\amd64_microsoft.windows.common-controls_6595b64144ccf1df_6.0.22621.3235_none_270f74e173860f98;C:\Users\azizr\.jdks\corretto-17.0.10\bin\server

VM Arguments:
jvm_args: -Dmaven.multiModuleProjectDirectory=C:\Users\azizr\Desktop\pi\pidev3a34 -Djansi.passthrough=true -Dmaven.home=C:\Program Files\JetBrains\IntelliJ IDEA 2023.3.4\plugins\maven\lib\maven3 -Dclassworlds.conf=C:\Program Files\JetBrains\IntelliJ IDEA 2023.3.4\plugins\maven\lib\maven3\bin\m2.conf -Dmaven.ext.class.path=C:\Program Files\JetBrains\IntelliJ IDEA 2023.3.4\plugins\maven\lib\maven-event-listener.jar -javaagent:C:\Program Files\JetBrains\IntelliJ IDEA 2023.3.4\lib\idea_rt.jar=54157:C:\Program Files\JetBrains\IntelliJ IDEA 2023.3.4\bin -Dfile.encoding=UTF-8 
java_command: org.codehaus.classworlds.Launcher -Didea.version=2023.3.4 org.openjfx:javafx-maven-plugin:0.0.8:run
java_class_path (initial): C:\Program Files\JetBrains\IntelliJ IDEA 2023.3.4\plugins\maven\lib\maven3\boot\plexus-classworlds-2.7.0.jar;C:\Program Files\JetBrains\IntelliJ IDEA 2023.3.4\plugins\maven\lib\maven3\boot\plexus-classworlds.license
Launcher Type: SUN_STANDARD

[Global flags]
     intx CICompilerCount                          = 4                                         {product} {ergonomic}
     uint ConcGCThreads                            = 3                                         {product} {ergonomic}
     uint G1ConcRefinementThreads                  = 10                                        {product} {ergonomic}
   size_t G1HeapRegionSize                         = 2097152                                   {product} {ergonomic}
    uintx GCDrainStackTargetSize                   = 64                                        {product} {ergonomic}
   size_t InitialHeapSize                          = 266338304                                 {product} {ergonomic}
   size_t MarkStackSize                            = 4194304                                   {product} {ergonomic}
   size_t MaxHeapSize                              = 4248829952                                {product} {ergonomic}
   size_t MinHeapDeltaBytes                        = 2097152                                   {product} {ergonomic}
   size_t MinHeapSize                              = 8388608                                   {product} {ergonomic}
    uintx NonNMethodCodeHeapSize                   = 5839372                                {pd product} {ergonomic}
    uintx NonProfiledCodeHeapSize                  = 122909434                              {pd product} {ergonomic}
    uintx ProfiledCodeHeapSize                     = 122909434                              {pd product} {ergonomic}
    uintx ReservedCodeCacheSize                    = 251658240                              {pd product} {ergonomic}
     bool SegmentedCodeCache                       = true                                      {product} {ergonomic}
   size_t SoftMaxHeapSize                          = 4248829952                             {manageable} {ergonomic}
     bool UseCompressedClassPointers               = true                           {product lp64_product} {ergonomic}
     bool UseCompressedOops                        = true                           {product lp64_product} {ergonomic}
     bool UseG1GC                                  = true                                      {product} {ergonomic}
     bool UseLargePagesIndividualAllocation        = false                                  {pd product} {ergonomic}

Logging:
Log output configuration:
 #0: stdout all=warning uptime,level,tags
 #1: stderr all=off uptime,level,tags

Environment Variables:
PATH=C:\Program Files (x86)\Common Files\Oracle\Java\javapath;C:\Windows\system32;C:\Windows;C:\Windows\System32\Wbem;C:\Windows\System32\WindowsPowerShell\v1.0\;C:\Windows\System32\OpenSSH\;C:\Program Files (x86)\NVIDIA Corporation\PhysX\Common;C:\Program Files\NVIDIA Corporation\NVIDIA NvDLISR;C:\Program Files\dotnet\;C:\ProgramData\ComposerSetup\bin;C:\Program Files\Git\cmd;C:\Program Files\GitHub CLI\;C:\Program Files\nodejs\;C:\Users\azizr\scoop\shims;C:\Users\azizr\AppData\Local\Microsoft\WindowsApps;C:\Users\azizr\AppData\Local\Programs\Microsoft VS Code\bin;C:\xampp\php;C:\Users\azizr\AppData\Roaming\Composer\vendor\bin;C:\Users\azizr\AppData\Local\GitHubDesktop\bin;C:\Users\azizr\AppData\Local\Yarn\bin;C:\Users\azizr\AppData\Roaming\npm;;C:\Program Files\JetBrains\IntelliJ IDEA 2023.3.4\bin;
USERNAME=azizr
OS=Windows_NT
PROCESSOR_IDENTIFIER=Intel64 Family 6 Model 165 Stepping 2, GenuineIntel
TMP=C:\Users\azizr\AppData\Local\Temp
TEMP=C:\Users\azizr\AppData\Local\Temp



Periodic native trim disabled


---------------  S Y S T E M  ---------------

OS:
 Windows 11 , 64 bit Build 22621 (10.0.22621.3235)
OS uptime: 2 days 21:09 hours
Hyper-V role detected

CPU: total 12 (initial active 12) (6 cores per cpu, 2 threads per core) family 6 model 165 stepping 2 microcode 0xe2, cx8, cmov, fxsr, ht, mmx, 3dnowpref, sse, sse2, sse3, ssse3, sse4.1, sse4.2, popcnt, lzcnt, tsc, tscinvbit, avx, avx2, aes, erms, clmul, bmi1, bmi2, adx, fma, vzeroupper, clflush, clflushopt, hv
Processor Information for all 12 processors :
  Max Mhz: 2592, Current Mhz: 2592, Mhz Limit: 2592

Memory: 4k page, system-wide physical 16202M (574M free)
TotalPageFile size 40778M (AvailPageFile size 255M)
current process WorkingSet (physical memory assigned to process): 11M, peak: 11M
current process commit charge ("private bytes"): 64M, peak: 318M

vm_info: OpenJDK 64-Bit Server VM (17.0.10+7-LTS) for windows-amd64 JRE (17.0.10+7-LTS), built on Jan 10 2024 22:11:07 by "Administrator" with MS VC++ 16.10 / 16.11 (VS2019)

END.
